Content-Type: multipart/alternative;
 boundary="===============8446724009389871681=="
MIME-Version: 1.0
Subject: Profile activation
From: test@example.com
To: lmc@qq.com
Date: Mon, 04 Nov 2024 11:53:58 -0000
Message-ID: <173072123858.152688.4799391499691650641@Yoga>

--===============8446724009389871681==
Content-Type: text/plain; charset="utf-8"
MIME-Version: 1.0
Content-Transfer-Encoding: 7bit



To activate your profile, please follow this link:

http://127.0.0.1:8000/accounts/activate/M54HOX2EmgHigruu3SQg/

--===============8446724009389871681==
Content-Type: text/html; charset="utf-8"
MIME-Version: 1.0
Content-Transfer-Encoding: 7bit



<!DOCTYPE html PUBLIC "-//W3C//DTD XHTML 1.0 Transitional//EN"
        "http://www.w3.org/TR/xhtml1/DTD/xhtml1-transitional.dtd">
<html xmlns="http://www.w3.org/1999/xhtml">
<head>
    <meta http-equiv="Content-Type" content="text/html; charset=UTF-8"/>
    <title>Profile activation</title>
    <meta name="viewport" content="width=device-width, initial-scale=1.0"/>
</head>

<body>

<p>
    To activate your profile, please follow this link:
</p>

<p>
    <a href="http://127.0.0.1:8000/accounts/activate/M54HOX2EmgHigruu3SQg/">http://127.0.0.1:8000/accounts/activate/M54HOX2EmgHigruu3SQg/</a>
</p>

</body>

</html>

--===============8446724009389871681==--

-------------------------------------------------------------------------------
