Content-Type: multipart/alternative;
 boundary="===============1170466167280148192=="
MIME-Version: 1.0
Subject: =?utf-8?b?566A5qGj5r+A5rS7?=
From: test@example.com
To: 123@qq.com
Date: Thu, 31 Oct 2024 03:10:48 -0000
Message-ID: <173034424804.16312.10905401110812548657@LAPTOP-I8HGCC80>

--===============1170466167280148192==
Content-Type: text/plain; charset="utf-8"
MIME-Version: 1.0
Content-Transfer-Encoding: 8bit



若要激活你的账号，请访问以下链接：

http://127.0.0.1:8000/accounts/activate/M8deSr9t4CXNWlCNmlnb/

--===============1170466167280148192==
Content-Type: text/html; charset="utf-8"
MIME-Version: 1.0
Content-Transfer-Encoding: 8bit



<!DOCTYPE html PUBLIC "-//W3C//DTD XHTML 1.0 Transitional//EN"
        "http://www.w3.org/TR/xhtml1/DTD/xhtml1-transitional.dtd">
<html xmlns="http://www.w3.org/1999/xhtml">
<head>
    <meta http-equiv="Content-Type" content="text/html; charset=UTF-8"/>
    <title>简档激活</title>
    <meta name="viewport" content="width=device-width, initial-scale=1.0"/>
</head>

<body>

<p>
    若要激活你的账号，请访问以下链接：
</p>

<p>
    <a href="http://127.0.0.1:8000/accounts/activate/M8deSr9t4CXNWlCNmlnb/">http://127.0.0.1:8000/accounts/activate/M8deSr9t4CXNWlCNmlnb/</a>
</p>

</body>

</html>

--===============1170466167280148192==--

-------------------------------------------------------------------------------
